<?xml version="1.0" encoding="UTF-8"?>
<!-- Generated by org.testng.reporters.JUnitXMLReporter -->
<testsuite hostname="DESKTOP-S6AU56S" ignored="0" name="Google account add test" tests="1" failures="1" timestamp="03 Jan 2019 17:05:53 GMT" time="5.332" errors="0">
  <testcase name="createGoogleAcc" time="0.014" classname="com.Tests.AddAccountTest">
    <failure type="java.lang.NullPointerException">
      <![CDATA[java.lang.NullPointerException
	at com.PageObjects.GoogleHomePage.clickCreateAccLink(GoogleHomePage.java:17)
	at com.Tests.AddAccountTest.createGoogleAcc(AddAccountTest.java:33)
... Removed 25 stack frames]]>
    </failure>
  </testcase> <!-- createGoogleAcc -->
</testsuite> <!-- Google account add test -->
